
==========================================================================
02_croc.gpl1 check_setup
--------------------------------------------------------------------------
0

==========================================================================
02_croc.gpl1 report_tns
--------------------------------------------------------------------------
tns -636682.06

==========================================================================
02_croc.gpl1 report_wns
--------------------------------------------------------------------------
wns -108.83

==========================================================================
02_croc.gpl1 report_worst_slack
--------------------------------------------------------------------------
worst slack -108.83

==========================================================================
02_croc.gpl1 report_checks -path_delay min
--------------------------------------------------------------------------
Startpoint: i_croc_soc/i_rstgen.i_rstgen_bypass.synch_regs_q_3__reg
            (rising edge-triggered flip-flop clocked by clk_sys)
Endpoint: i_croc_soc/i_croc/all_periph_obi_rsp_100__reg
          (removal check against rising-edge clock clk_sys)
Path Group: asynchronous
Path Type: min
Corner: ff

Fanout     Cap    Slew   Delay    Time   Description
-----------------------------------------------------------------------------
                  0.20    0.00    0.00   clock clk_sys (rise edge)
                          0.00    0.00   clock network delay (ideal)
                  0.20    0.00    0.00 ^ i_croc_soc/i_rstgen.i_rstgen_bypass.synch_regs_q_3__reg/CLK (sg13g2_dfrbp_1)
     2    0.01    0.03    0.20    0.20 ^ i_croc_soc/i_rstgen.i_rstgen_bypass.synch_regs_q_3__reg/Q (sg13g2_dfrbp_1)
                                         i_croc_soc/i_rstgen.i_rstgen_bypass.synch_regs_q_3_ (net)
                  0.03    0.00    0.20 ^ i_croc_soc/i_rstgen.i_rstgen_bypass.i_tc_clk_mux2_rst_no/i_mux/A0 (sg13g2_mux2_1)
  5651   39.86  102.84   70.17   70.37 ^ i_croc_soc/i_rstgen.i_rstgen_bypass.i_tc_clk_mux2_rst_no/i_mux/X (sg13g2_mux2_1)
                                         i_croc_soc/i_rstgen.i_rstgen_bypass.rst_no (net)
                102.84    0.00   70.37 ^ i_croc_soc/i_croc/all_periph_obi_rsp_100__reg/RESET_B (sg13g2_dfrbp_1)
                                 70.37   data arrival time

                  0.20    0.00    0.00   clock clk_sys (rise edge)
                          0.00    0.00   clock network delay (ideal)
                          0.10    0.10   clock uncertainty
                          0.00    0.10   clock reconvergence pessimism
                                  0.10 ^ i_croc_soc/i_croc/all_periph_obi_rsp_100__reg/CLK (sg13g2_dfrbp_1)
                        -10.25  -10.15   library removal time
                                -10.15   data required time
-----------------------------------------------------------------------------
                                -10.15   data required time
                                -70.37   data arrival time
-----------------------------------------------------------------------------
                                 80.52   slack (MET)


Startpoint: i_croc_soc/i_croc/i_dmi_jtag/i_dmi_cdc.i_cdc_req/i_cdc_reset_ctrlr/i_cdc_reset_ctrlr_half_a/i_state_transition_cdc_dst/i_sync/reg_q_0__reg
            (rising edge-triggered flip-flop clocked by clk_jtg)
Endpoint: i_croc_soc/i_croc/i_dmi_jtag/i_dmi_cdc.i_cdc_req/i_cdc_reset_ctrlr/i_cdc_reset_ctrlr_half_a/i_state_transition_cdc_dst/i_sync/serial_o_reg
          (rising edge-triggered flip-flop clocked by clk_jtg)
Path Group: clk_jtg
Path Type: min
Corner: ff

Fanout     Cap    Slew   Delay    Time   Description
-----------------------------------------------------------------------------
                  0.20    0.00    0.00   clock clk_jtg (rise edge)
                          0.00    0.00   clock network delay (ideal)
                  0.20    0.00    0.00 ^ i_croc_soc/i_croc/i_dmi_jtag/i_dmi_cdc.i_cdc_req/i_cdc_reset_ctrlr/i_cdc_reset_ctrlr_half_a/i_state_transition_cdc_dst/i_sync/reg_q_0__reg/CLK (sg13g2_dfrbp_1)
     1    0.00    0.01    0.18    0.18 v i_croc_soc/i_croc/i_dmi_jtag/i_dmi_cdc.i_cdc_req/i_cdc_reset_ctrlr/i_cdc_reset_ctrlr_half_a/i_state_transition_cdc_dst/i_sync/reg_q_0__reg/Q (sg13g2_dfrbp_1)
                                         i_croc_soc/i_croc/i_dmi_jtag/i_dmi_cdc.i_cdc_req/i_cdc_reset_ctrlr/i_cdc_reset_ctrlr_half_a/i_state_transition_cdc_dst/i_sync/reg_q_0_ (net)
                  0.01    0.00    0.18 v i_croc_soc/i_croc/i_dmi_jtag/i_dmi_cdc.i_cdc_req/i_cdc_reset_ctrlr/i_cdc_reset_ctrlr_half_a/i_state_transition_cdc_dst/i_sync/serial_o_reg/D (sg13g2_dfrbp_1)
                                  0.18   data arrival time

                  0.20    0.00    0.00   clock clk_jtg (rise edge)
                          0.00    0.00   clock network delay (ideal)
                          0.10    0.10   clock uncertainty
                          0.00    0.10   clock reconvergence pessimism
                                  0.10 ^ i_croc_soc/i_croc/i_dmi_jtag/i_dmi_cdc.i_cdc_req/i_cdc_reset_ctrlr/i_cdc_reset_ctrlr_half_a/i_state_transition_cdc_dst/i_sync/serial_o_reg/CLK (sg13g2_dfrbp_1)
                          0.01    0.11   library hold time
                                  0.11   data required time
-----------------------------------------------------------------------------
                                  0.11   data required time
                                 -0.18   data arrival time
-----------------------------------------------------------------------------
                                  0.07   slack (MET)


Startpoint: i_croc_soc/i_croc/i_dm_top.i_dm_top/master_add_o[10]_reg
            (rising edge-triggered flip-flop clocked by clk_sys)
Endpoint: i_croc_soc/i_croc/gen_sram_bank[1].i_sram/gen_512x32xBx1.i_cut
          (rising edge-triggered flip-flop clocked by clk_sys)
Path Group: clk_sys
Path Type: min
Corner: ff

Fanout     Cap    Slew   Delay    Time   Description
-----------------------------------------------------------------------------
                  0.20    0.00    0.00   clock clk_sys (rise edge)
                          0.00    0.00   clock network delay (ideal)
                  0.20    0.00    0.00 ^ i_croc_soc/i_croc/i_dm_top.i_dm_top/master_add_o[10]_reg/CLK (sg13g2_dfrbp_1)
     7    0.03    0.07    0.23    0.23 ^ i_croc_soc/i_croc/i_dm_top.i_dm_top/master_add_o[10]_reg/Q (sg13g2_dfrbp_1)
                                         i_croc_soc/i_croc/i_dm_top.master_addr_o_10_ (net)
                  0.07    0.00    0.23 ^ i_croc_soc/i_croc/_5278_/A (sg13g2_nand3_1)
     1    0.00    0.05    0.06    0.28 v i_croc_soc/i_croc/_5278_/Y (sg13g2_nand3_1)
                                         i_croc_soc/i_croc/_1571_ (net)
                  0.05    0.00    0.28 v i_croc_soc/i_croc/_5280_/B (sg13g2_nand3_1)
     1    0.00    0.03    0.03    0.32 ^ i_croc_soc/i_croc/_5280_/Y (sg13g2_nand3_1)
                                         i_croc_soc/i_croc/_1573_ (net)
                  0.03    0.00    0.32 ^ i_croc_soc/i_croc/_5281_/B (sg13g2_and2_1)
     1    0.01    0.03    0.06    0.38 ^ i_croc_soc/i_croc/_5281_/X (sg13g2_and2_1)
                                         i_croc_soc/i_croc/all_sbr_obi_req_274_ (net)
                  0.04    0.00    0.38 ^ i_croc_soc/i_croc/gen_sram_bank[1].i_sram/gen_512x32xBx1.i_cut/A_ADDR[7] (RM_IHPSG13_1P_256x64_c2_bm_bist)
                                  0.38   data arrival time

                  0.20    0.00    0.00   clock clk_sys (rise edge)
                          0.00    0.00   clock network delay (ideal)
                          0.10    0.10   clock uncertainty
                          0.00    0.10   clock reconvergence pessimism
                                  0.10 ^ i_croc_soc/i_croc/gen_sram_bank[1].i_sram/gen_512x32xBx1.i_cut/A_CLK (RM_IHPSG13_1P_256x64_c2_bm_bist)
                          0.47    0.57   library hold time
                                  0.57   data required time
-----------------------------------------------------------------------------
                                  0.57   data required time
                                 -0.38   data arrival time
-----------------------------------------------------------------------------
                                 -0.19   slack (VIOLATED)



==========================================================================
02_croc.gpl1 report_checks -path_delay max
--------------------------------------------------------------------------
Startpoint: i_croc_soc/i_rstgen.i_rstgen_bypass.synch_regs_q_3__reg
            (rising edge-triggered flip-flop clocked by clk_sys)
Endpoint: i_croc_soc/i_croc/all_periph_obi_rsp_100__reg
          (recovery check against rising-edge clock clk_sys)
Path Group: asynchronous
Path Type: max
Corner: tt

Fanout     Cap    Slew   Delay    Time   Description
-----------------------------------------------------------------------------
                  0.20    0.00    0.00   clock clk_sys (rise edge)
                          0.00    0.00   clock network delay (ideal)
                  0.20    0.00    0.00 ^ i_croc_soc/i_rstgen.i_rstgen_bypass.synch_regs_q_3__reg/CLK (sg13g2_dfrbp_1)
     2    0.01    0.04    0.28    0.28 ^ i_croc_soc/i_rstgen.i_rstgen_bypass.synch_regs_q_3__reg/Q (sg13g2_dfrbp_1)
                                         i_croc_soc/i_rstgen.i_rstgen_bypass.synch_regs_q_3_ (net)
                  0.04    0.00    0.28 ^ i_croc_soc/i_rstgen.i_rstgen_bypass.i_tc_clk_mux2_rst_no/i_mux/A0 (sg13g2_mux2_1)
  5651   36.99  148.56  102.32  102.60 ^ i_croc_soc/i_rstgen.i_rstgen_bypass.i_tc_clk_mux2_rst_no/i_mux/X (sg13g2_mux2_1)
                                         i_croc_soc/i_rstgen.i_rstgen_bypass.rst_no (net)
                148.56    0.00  102.60 ^ i_croc_soc/i_croc/all_periph_obi_rsp_100__reg/RESET_B (sg13g2_dfrbp_1)
                                102.60   data arrival time

                  0.20   12.50   12.50   clock clk_sys (rise edge)
                          0.00   12.50   clock network delay (ideal)
                         -0.10   12.40   clock uncertainty
                          0.00   12.40   clock reconvergence pessimism
                                 12.40 ^ i_croc_soc/i_croc/all_periph_obi_rsp_100__reg/CLK (sg13g2_dfrbp_1)
                        -18.63   -6.23   library recovery time
                                 -6.23   data required time
-----------------------------------------------------------------------------
                                 -6.23   data required time
                               -102.60   data arrival time
-----------------------------------------------------------------------------
                               -108.83   slack (VIOLATED)


Startpoint: i_croc_soc/i_croc/i_dmi_jtag/i_dmi_cdc.i_cdc_req/i_dst/async_ack_o_reg
            (rising edge-triggered flip-flop clocked by clk_sys)
Endpoint: i_croc_soc/i_croc/i_dmi_jtag/i_dmi_cdc.i_cdc_req/i_dst/data_o[0]_reg
          (rising edge-triggered flip-flop clocked by clk_sys)
Path Group: path delay
Path Type: max
Corner: tt

Fanout     Cap    Slew   Delay    Time   Description
-----------------------------------------------------------------------------
                  0.20    0.00    0.00 ^ i_croc_soc/i_croc/i_dmi_jtag/i_dmi_cdc.i_cdc_req/i_dst/async_ack_o_reg/CLK (sg13g2_dfrbp_1)
     6    0.02    0.07    0.30    0.30 v i_croc_soc/i_croc/i_dmi_jtag/i_dmi_cdc.i_cdc_req/i_dst/async_ack_o_reg/Q (sg13g2_dfrbp_1)
                                         i_croc_soc/i_croc/i_dmi_jtag/i_dmi_cdc.i_cdc_req/async_ack (net)
                  0.07    0.00    0.30 v i_croc_soc/i_croc/i_dmi_jtag/i_dmi_cdc.i_cdc_req/i_dst/_107_/A1 (sg13g2_o21ai_1)
    82    0.42    4.02    2.96    3.25 ^ i_croc_soc/i_croc/i_dmi_jtag/i_dmi_cdc.i_cdc_req/i_dst/_107_/Y (sg13g2_o21ai_1)
                                         i_croc_soc/i_croc/i_dmi_jtag/i_dmi_cdc.i_cdc_req/i_dst/_047_ (net)
                  4.02    0.00    3.25 ^ i_croc_soc/i_croc/i_dmi_jtag/i_dmi_cdc.i_cdc_req/i_dst/_155_/S (sg13g2_mux2_1)
     1    0.00    0.08    0.52    3.78 v i_croc_soc/i_croc/i_dmi_jtag/i_dmi_cdc.i_cdc_req/i_dst/_155_/X (sg13g2_mux2_1)
                                         i_croc_soc/i_croc/i_dmi_jtag/i_dmi_cdc.i_cdc_req/i_dst/_001_ (net)
                  0.08    0.00    3.78 v i_croc_soc/i_croc/i_dmi_jtag/i_dmi_cdc.i_cdc_req/i_dst/data_o[0]_reg/D (sg13g2_dfrbp_1)
                                  3.78   data arrival time

                          4.38    4.38   max_delay
                         -0.09    4.29   library setup time
                                  4.29   data required time
-----------------------------------------------------------------------------
                                  4.29   data required time
                                 -3.78   data arrival time
-----------------------------------------------------------------------------
                                  0.51   slack (MET)


Startpoint: i_croc_soc/i_croc/i_dmi_jtag/td_o_reg
            (rising edge-triggered flip-flop clocked by clk_jtg')
Endpoint: jtag_tdo_o (output port clocked by clk_jtg)
Path Group: clk_jtg
Path Type: max
Corner: tt

Fanout     Cap    Slew   Delay    Time   Description
-----------------------------------------------------------------------------
                  0.20   10.00   10.00   clock clk_jtg' (rise edge)
                          0.00   10.00   clock network delay (ideal)
                  0.20    0.00   10.00 ^ i_croc_soc/i_croc/i_dmi_jtag/td_o_reg/CLK (sg13g2_dfrbp_1)
     1    0.04    0.17    0.37   10.37 ^ i_croc_soc/i_croc/i_dmi_jtag/td_o_reg/Q (sg13g2_dfrbp_1)
                                         soc_jtag_tdo_o (net)
                  0.23    0.00   10.37 ^ pad_jtag_tdo_o/c2p (sg13g2_IOPadOut16mA)
     1   15.00    3.55    3.21   13.58 ^ pad_jtag_tdo_o/pad (sg13g2_IOPadOut16mA)
                                         jtag_tdo_o (net)
                  2.66    0.00   13.58 ^ jtag_tdo_o (out)
                                 13.58   data arrival time

                  0.20   20.00   20.00   clock clk_jtg (rise edge)
                          0.00   20.00   clock network delay (ideal)
                         -0.10   19.90   clock uncertainty
                          0.00   19.90   clock reconvergence pessimism
                         -5.00   14.90   output external delay
                                 14.90   data required time
-----------------------------------------------------------------------------
                                 14.90   data required time
                                -13.58   data arrival time
-----------------------------------------------------------------------------
                                  1.32   slack (MET)


Startpoint: i_croc_soc/i_croc/i_core_wrap/i_ibex.id_stage_i.controller_i.instr_i_15__reg
            (rising edge-triggered flip-flop clocked by clk_sys)
Endpoint: i_croc_soc/i_croc/i_dm_top.i_dm_top/i_dm_mem.rdata_q_27__reg
          (rising edge-triggered flip-flop clocked by clk_sys)
Path Group: clk_sys
Path Type: max
Corner: tt

Fanout     Cap    Slew   Delay    Time   Description
-----------------------------------------------------------------------------
                  0.20    0.00    0.00   clock clk_sys (rise edge)
                          0.00    0.00   clock network delay (ideal)
                  0.20    0.00    0.00 ^ i_croc_soc/i_croc/i_core_wrap/i_ibex.id_stage_i.controller_i.instr_i_15__reg/CLK (sg13g2_dfrbp_1)
   426    2.42    9.76    6.97    6.97 ^ i_croc_soc/i_croc/i_core_wrap/i_ibex.id_stage_i.controller_i.instr_i_15__reg/Q (sg13g2_dfrbp_1)
                                         i_croc_soc/i_croc/i_core_wrap/i_ibex.id_stage_i.controller_i.instr_i_15_ (net)
                  9.76    0.00    6.97 ^ i_croc_soc/i_croc/i_core_wrap/i_ibex.register_file_i/_4071_/A (sg13g2_nor2b_2)
    28    0.08    1.77    1.81    8.78 v i_croc_soc/i_croc/i_core_wrap/i_ibex.register_file_i/_4071_/Y (sg13g2_nor2b_2)
                                         i_croc_soc/i_croc/i_core_wrap/i_ibex.register_file_i/_1029_ (net)
                  1.77    0.00    8.78 v i_croc_soc/i_croc/i_core_wrap/i_ibex.register_file_i/_4544_/A2 (sg13g2_a22oi_1)
     1    0.00    0.61    0.25    9.03 ^ i_croc_soc/i_croc/i_core_wrap/i_ibex.register_file_i/_4544_/Y (sg13g2_a22oi_1)
                                         i_croc_soc/i_croc/i_core_wrap/i_ibex.register_file_i/_1486_ (net)
                  0.61    0.00    9.03 ^ i_croc_soc/i_croc/i_core_wrap/i_ibex.register_file_i/_4548_/A2 (sg13g2_o21ai_1)
     1    0.00    0.10    0.12    9.15 v i_croc_soc/i_croc/i_core_wrap/i_ibex.register_file_i/_4548_/Y (sg13g2_o21ai_1)
                                         i_croc_soc/i_croc/i_core_wrap/i_ibex.register_file_i/_1490_ (net)
                  0.10    0.00    9.15 v i_croc_soc/i_croc/i_core_wrap/i_ibex.register_file_i/_4549_/B (sg13g2_nand2_1)
     1    0.00    0.07    0.06    9.21 ^ i_croc_soc/i_croc/i_core_wrap/i_ibex.register_file_i/_4549_/Y (sg13g2_nand2_1)
                                         i_croc_soc/i_croc/i_core_wrap/i_ibex.register_file_i/_1491_ (net)
                  0.07    0.00    9.21 ^ i_croc_soc/i_croc/i_core_wrap/i_ibex.register_file_i/_4562_/B (sg13g2_nand3_1)
     1    0.00    0.04    0.07    9.27 v i_croc_soc/i_croc/i_core_wrap/i_ibex.register_file_i/_4562_/Y (sg13g2_nand3_1)
                                         i_croc_soc/i_croc/i_core_wrap/i_ibex.ex_block_i.multdiv_operand_a_i_8_ (net)
                  0.04    0.00    9.27 v i_croc_soc/i_croc/i_core_wrap/_05829_/A0 (sg13g2_mux2_1)
     1    0.00    0.04    0.11    9.38 v i_croc_soc/i_croc/i_core_wrap/_05829_/X (sg13g2_mux2_1)
                                         i_croc_soc/i_croc/i_core_wrap/_01100_ (net)
                  0.04    0.00    9.38 v i_croc_soc/i_croc/i_core_wrap/_05830_/B (sg13g2_and2_1)
     1    0.00    0.03    0.08    9.46 v i_croc_soc/i_croc/i_core_wrap/_05830_/X (sg13g2_and2_1)
                                         i_croc_soc/i_croc/i_core_wrap/_01101_ (net)
                  0.03    0.00    9.46 v i_croc_soc/i_croc/i_core_wrap/_05831_/B1 (sg13g2_a21oi_1)
    20    0.06    0.54    0.41    9.87 ^ i_croc_soc/i_croc/i_core_wrap/_05831_/Y (sg13g2_a21oi_1)
                                         i_croc_soc/i_croc/i_core_wrap/_01102_ (net)
                  0.54    0.00    9.87 ^ i_croc_soc/i_croc/i_core_wrap/_06040_/B (sg13g2_xnor2_1)
     8    0.03    0.26    0.36   10.23 v i_croc_soc/i_croc/i_core_wrap/_06040_/Y (sg13g2_xnor2_1)
                                         i_croc_soc/i_croc/i_core_wrap/_01305_ (net)
                  0.26    0.00   10.23 v i_croc_soc/i_croc/i_core_wrap/_06048_/B (sg13g2_or4_1)
     1    0.00    0.04    0.25   10.48 v i_croc_soc/i_croc/i_core_wrap/_06048_/X (sg13g2_or4_1)
                                         i_croc_soc/i_croc/i_core_wrap/_01313_ (net)
                  0.04    0.00   10.48 v i_croc_soc/i_croc/i_core_wrap/_06049_/B1 (sg13g2_o21ai_1)
     1    0.00    0.08    0.04   10.52 ^ i_croc_soc/i_croc/i_core_wrap/_06049_/Y (sg13g2_o21ai_1)
                                         i_croc_soc/i_croc/i_core_wrap/_01314_ (net)
                  0.08    0.00   10.52 ^ i_croc_soc/i_croc/i_core_wrap/_06052_/C (sg13g2_nand4_1)
     2    0.01    0.12    0.13   10.65 v i_croc_soc/i_croc/i_core_wrap/_06052_/Y (sg13g2_nand4_1)
                                         i_croc_soc/i_croc/i_core_wrap/_01317_ (net)
                  0.12    0.00   10.65 v i_croc_soc/i_croc/i_core_wrap/_06053_/B1 (sg13g2_a21oi_1)
     7    0.02    0.22    0.22   10.87 ^ i_croc_soc/i_croc/i_core_wrap/_06053_/Y (sg13g2_a21oi_1)
                                         i_croc_soc/i_croc/i_core_wrap/_01318_ (net)
                  0.22    0.00   10.87 ^ i_croc_soc/i_croc/i_core_wrap/_06054_/C (sg13g2_or3_1)
     2    0.01    0.04    0.14   11.01 ^ i_croc_soc/i_croc/i_core_wrap/_06054_/X (sg13g2_or3_1)
                                         i_croc_soc/i_croc/i_core_wrap/_01319_ (net)
                  0.04    0.00   11.01 ^ i_croc_soc/i_croc/i_core_wrap/_06159_/A1 (sg13g2_a21oi_1)
     5    0.02    0.14    0.13   11.15 v i_croc_soc/i_croc/i_core_wrap/_06159_/Y (sg13g2_a21oi_1)
                                         i_croc_soc/i_croc/i_core_wrap/_01418_ (net)
                  0.14    0.00   11.15 v i_croc_soc/i_croc/i_core_wrap/_06166_/A1 (sg13g2_o21ai_1)
     4    0.02    0.22    0.24   11.39 ^ i_croc_soc/i_croc/i_core_wrap/_06166_/Y (sg13g2_o21ai_1)
                                         i_croc_soc/i_croc/i_core_wrap/_01425_ (net)
                  0.22    0.00   11.39 ^ i_croc_soc/i_croc/i_core_wrap/_06167_/A2 (sg13g2_a21oi_1)
     2    0.01    0.09    0.14   11.52 v i_croc_soc/i_croc/i_core_wrap/_06167_/Y (sg13g2_a21oi_1)
                                         i_croc_soc/i_croc/i_core_wrap/_01426_ (net)
                  0.09    0.00   11.52 v i_croc_soc/i_croc/i_core_wrap/_06168_/B (sg13g2_nand2b_1)
     1    0.01    0.05    0.07   11.59 ^ i_croc_soc/i_croc/i_core_wrap/_06168_/Y (sg13g2_nand2b_1)
                                         i_croc_soc/i_croc/i_core_wrap/_01427_ (net)
                  0.05    0.00   11.59 ^ i_croc_soc/i_croc/i_core_wrap/_06174_/A (sg13g2_xnor2_1)
     7    0.02    0.13    0.14   11.73 v i_croc_soc/i_croc/i_core_wrap/_06174_/Y (sg13g2_xnor2_1)
                                         i_croc_soc/i_croc/core_data_obi_req_70_ (net)
                  0.13    0.00   11.73 v i_croc_soc/i_croc/_3602_/B (sg13g2_nor3_1)
     3    0.01    0.16    0.18   11.90 ^ i_croc_soc/i_croc/_3602_/Y (sg13g2_nor3_1)
                                         i_croc_soc/i_croc/_0319_ (net)
                  0.16    0.00   11.90 ^ i_croc_soc/i_croc/_3605_/B (sg13g2_nand4_1)
     3    0.01    0.15    0.18   12.08 v i_croc_soc/i_croc/_3605_/Y (sg13g2_nand4_1)
                                         i_croc_soc/i_croc/_0322_ (net)
                  0.15    0.00   12.08 v i_croc_soc/i_croc/_3633_/B (sg13g2_nor3_1)
     5    0.01    0.22    0.23   12.31 ^ i_croc_soc/i_croc/_3633_/Y (sg13g2_nor3_1)
                                         i_croc_soc/i_croc/_0350_ (net)
                  0.22    0.00   12.31 ^ i_croc_soc/i_croc/_3638_/B1 (sg13g2_a22oi_1)
     1    0.00    0.06    0.10   12.41 v i_croc_soc/i_croc/_3638_/Y (sg13g2_a22oi_1)
                                         i_croc_soc/i_croc/_0355_ (net)
                  0.06    0.00   12.41 v i_croc_soc/i_croc/_3664_/A2 (sg13g2_a221oi_1)
    39    0.12    1.48    1.15   13.56 ^ i_croc_soc/i_croc/_3664_/Y (sg13g2_a221oi_1)
                                         i_croc_soc/i_croc/_0380_ (net)
                  1.48    0.00   13.56 ^ i_croc_soc/i_croc/_3681_/B1 (sg13g2_a221oi_1)
     8    0.03    0.42    0.49   14.04 v i_croc_soc/i_croc/_3681_/Y (sg13g2_a221oi_1)
                                         i_croc_soc/i_croc/_0396_ (net)
                  0.42    0.00   14.04 v i_croc_soc/i_croc/_3696_/A (sg13g2_nor2_2)
    32    0.10    0.45    0.47   14.51 ^ i_croc_soc/i_croc/_3696_/Y (sg13g2_nor2_2)
                                         i_croc_soc/i_croc/_0411_ (net)
                  0.45    0.00   14.51 ^ i_croc_soc/i_croc/_3788_/A2 (sg13g2_a22oi_1)
     1    0.00    0.16    0.17   14.68 v i_croc_soc/i_croc/_3788_/Y (sg13g2_a22oi_1)
                                         i_croc_soc/i_croc/_0503_ (net)
                  0.16    0.00   14.68 v i_croc_soc/i_croc/_3791_/A2 (sg13g2_a22oi_1)
     3    0.01    0.12    0.14   14.82 ^ i_croc_soc/i_croc/_3791_/Y (sg13g2_a22oi_1)
                                         i_croc_soc/i_croc/_0506_ (net)
                  0.12    0.00   14.82 ^ i_croc_soc/i_croc/_3794_/D (sg13g2_and4_1)
     1    0.00    0.03    0.17   14.99 ^ i_croc_soc/i_croc/_3794_/X (sg13g2_and4_1)
                                         i_croc_soc/i_croc/_0509_ (net)
                  0.03    0.00   14.99 ^ i_croc_soc/i_croc/_3801_/A1 (sg13g2_mux2_1)
     5    0.01    0.08    0.12   15.11 ^ i_croc_soc/i_croc/_3801_/X (sg13g2_mux2_1)
                                         i_croc_soc/i_croc/_0516_ (net)
                  0.08    0.00   15.11 ^ i_croc_soc/i_croc/_3803_/A2 (sg13g2_a21oi_1)
     2    0.00    0.05    0.08   15.19 v i_croc_soc/i_croc/_3803_/Y (sg13g2_a21oi_1)
                                         i_croc_soc/i_croc/_0518_ (net)
                  0.05    0.00   15.19 v i_croc_soc/i_croc/_3811_/C (sg13g2_or4_1)
     3    0.01    0.06    0.21   15.40 v i_croc_soc/i_croc/_3811_/X (sg13g2_or4_1)
                                         i_croc_soc/i_croc/_0526_ (net)
                  0.06    0.00   15.40 v i_croc_soc/i_croc/_3812_/B (sg13g2_nand2_1)
     5    0.02    0.09    0.09   15.48 ^ i_croc_soc/i_croc/_3812_/Y (sg13g2_nand2_1)
                                         i_croc_soc/i_croc/_0527_ (net)
                  0.09    0.00   15.48 ^ i_croc_soc/i_croc/_3813_/B (sg13g2_nand2_1)
    63    0.19    1.06    0.85   16.33 v i_croc_soc/i_croc/_3813_/Y (sg13g2_nand2_1)
                                         i_croc_soc/i_croc/_0528_ (net)
                  1.06    0.00   16.33 v i_croc_soc/i_croc/_3988_/A (sg13g2_nor2_1)
    85    0.53    4.24    3.47   19.80 ^ i_croc_soc/i_croc/_3988_/Y (sg13g2_nor2_1)
                                         i_croc_soc/i_croc/all_periph_obi_req_120_ (net)
                  4.24    0.00   19.80 ^ i_croc_soc/i_croc/i_dm_top.i_dm_top/_4967_/A (sg13g2_inv_1)
    10    0.03    0.73    0.76   20.57 v i_croc_soc/i_croc/i_dm_top.i_dm_top/_4967_/Y (sg13g2_inv_1)
                                         i_croc_soc/i_croc/i_dm_top.i_dm_top/_0723_ (net)
                  0.73    0.00   20.57 v i_croc_soc/i_croc/i_dm_top.i_dm_top/_4968_/B (sg13g2_nand2_1)
     6    0.02    0.22    0.26   20.83 ^ i_croc_soc/i_croc/i_dm_top.i_dm_top/_4968_/Y (sg13g2_nand2_1)
                                         i_croc_soc/i_croc/i_dm_top.i_dm_top/_0724_ (net)
                  0.22    0.00   20.83 ^ i_croc_soc/i_croc/i_dm_top.i_dm_top/_4970_/C (sg13g2_nor4_1)
     4    0.01    0.13    0.12   20.95 v i_croc_soc/i_croc/i_dm_top.i_dm_top/_4970_/Y (sg13g2_nor4_1)
                                         i_croc_soc/i_croc/i_dm_top.i_dm_top/_0726_ (net)
                  0.13    0.00   20.95 v i_croc_soc/i_croc/i_dm_top.i_dm_top/_4985_/B (sg13g2_and2_1)
     5    0.01    0.06    0.14   21.09 v i_croc_soc/i_croc/i_dm_top.i_dm_top/_4985_/X (sg13g2_and2_1)
                                         i_croc_soc/i_croc/i_dm_top.i_dm_top/_0741_ (net)
                  0.06    0.00   21.09 v i_croc_soc/i_croc/i_dm_top.i_dm_top/_8105_/B (sg13g2_nand3_1)
     2    0.01    0.06    0.06   21.15 ^ i_croc_soc/i_croc/i_dm_top.i_dm_top/_8105_/Y (sg13g2_nand3_1)
                                         i_croc_soc/i_croc/i_dm_top.i_dm_top/_3266_ (net)
                  0.06    0.00   21.15 ^ i_croc_soc/i_croc/i_dm_top.i_dm_top/_8107_/A2 (sg13g2_o21ai_1)
     8    0.02    0.15    0.14   21.29 v i_croc_soc/i_croc/i_dm_top.i_dm_top/_8107_/Y (sg13g2_o21ai_1)
                                         i_croc_soc/i_croc/i_dm_top.i_dm_top/_3268_ (net)
                  0.15    0.00   21.29 v i_croc_soc/i_croc/i_dm_top.i_dm_top/_8108_/B1 (sg13g2_a21oi_1)
    43    0.15    1.25    0.97   22.27 ^ i_croc_soc/i_croc/i_dm_top.i_dm_top/_8108_/Y (sg13g2_a21oi_1)
                                         i_croc_soc/i_croc/i_dm_top.i_dm_top/_3269_ (net)
                  1.25    0.00   22.27 ^ i_croc_soc/i_croc/i_dm_top.i_dm_top/_8345_/B (sg13g2_nand3_1)
     1    0.00    0.18    0.22   22.49 v i_croc_soc/i_croc/i_dm_top.i_dm_top/_8345_/Y (sg13g2_nand3_1)
                                         i_croc_soc/i_croc/i_dm_top.i_dm_top/_3487_ (net)
                  0.18    0.00   22.49 v i_croc_soc/i_croc/i_dm_top.i_dm_top/_8346_/B1 (sg13g2_o21ai_1)
     1    0.00    0.15    0.07   22.56 ^ i_croc_soc/i_croc/i_dm_top.i_dm_top/_8346_/Y (sg13g2_o21ai_1)
                                         i_croc_soc/i_croc/i_dm_top.i_dm_top/_0541_ (net)
                  0.15    0.00   22.56 ^ i_croc_soc/i_croc/i_dm_top.i_dm_top/i_dm_mem.rdata_q_27__reg/D (sg13g2_dfrbp_1)
                                 22.56   data arrival time

                  0.20   12.50   12.50   clock clk_sys (rise edge)
                          0.00   12.50   clock network delay (ideal)
                         -0.10   12.40   clock uncertainty
                          0.00   12.40   clock reconvergence pessimism
                                 12.40 ^ i_croc_soc/i_croc/i_dm_top.i_dm_top/i_dm_mem.rdata_q_27__reg/CLK (sg13g2_dfrbp_1)
                         -0.13   12.27   library setup time
                                 12.27   data required time
-----------------------------------------------------------------------------
                                 12.27   data required time
                                -22.56   data arrival time
-----------------------------------------------------------------------------
                                -10.29   slack (VIOLATED)



==========================================================================
02_croc.gpl1 report_checks -unconstrained
--------------------------------------------------------------------------
Startpoint: i_croc_soc/i_rstgen.i_rstgen_bypass.synch_regs_q_3__reg
            (rising edge-triggered flip-flop clocked by clk_sys)
Endpoint: i_croc_soc/i_croc/all_periph_obi_rsp_100__reg
          (recovery check against rising-edge clock clk_sys)
Path Group: asynchronous
Path Type: max
Corner: tt

Fanout     Cap    Slew   Delay    Time   Description
-----------------------------------------------------------------------------
                  0.20    0.00    0.00   clock clk_sys (rise edge)
                          0.00    0.00   clock network delay (ideal)
                  0.20    0.00    0.00 ^ i_croc_soc/i_rstgen.i_rstgen_bypass.synch_regs_q_3__reg/CLK (sg13g2_dfrbp_1)
     2    0.01    0.04    0.28    0.28 ^ i_croc_soc/i_rstgen.i_rstgen_bypass.synch_regs_q_3__reg/Q (sg13g2_dfrbp_1)
                                         i_croc_soc/i_rstgen.i_rstgen_bypass.synch_regs_q_3_ (net)
                  0.04    0.00    0.28 ^ i_croc_soc/i_rstgen.i_rstgen_bypass.i_tc_clk_mux2_rst_no/i_mux/A0 (sg13g2_mux2_1)
  5651   36.99  148.56  102.32  102.60 ^ i_croc_soc/i_rstgen.i_rstgen_bypass.i_tc_clk_mux2_rst_no/i_mux/X (sg13g2_mux2_1)
                                         i_croc_soc/i_rstgen.i_rstgen_bypass.rst_no (net)
                148.56    0.00  102.60 ^ i_croc_soc/i_croc/all_periph_obi_rsp_100__reg/RESET_B (sg13g2_dfrbp_1)
                                102.60   data arrival time

                  0.20   12.50   12.50   clock clk_sys (rise edge)
                          0.00   12.50   clock network delay (ideal)
                         -0.10   12.40   clock uncertainty
                          0.00   12.40   clock reconvergence pessimism
                                 12.40 ^ i_croc_soc/i_croc/all_periph_obi_rsp_100__reg/CLK (sg13g2_dfrbp_1)
                        -18.63   -6.23   library recovery time
                                 -6.23   data required time
-----------------------------------------------------------------------------
                                 -6.23   data required time
                               -102.60   data arrival time
-----------------------------------------------------------------------------
                               -108.83   slack (VIOLATED)


Startpoint: i_croc_soc/i_croc/i_dmi_jtag/i_dmi_cdc.i_cdc_req/i_dst/async_ack_o_reg
            (rising edge-triggered flip-flop clocked by clk_sys)
Endpoint: i_croc_soc/i_croc/i_dmi_jtag/i_dmi_cdc.i_cdc_req/i_dst/data_o[0]_reg
          (rising edge-triggered flip-flop clocked by clk_sys)
Path Group: path delay
Path Type: max
Corner: tt

Fanout     Cap    Slew   Delay    Time   Description
-----------------------------------------------------------------------------
                  0.20    0.00    0.00 ^ i_croc_soc/i_croc/i_dmi_jtag/i_dmi_cdc.i_cdc_req/i_dst/async_ack_o_reg/CLK (sg13g2_dfrbp_1)
     6    0.02    0.07    0.30    0.30 v i_croc_soc/i_croc/i_dmi_jtag/i_dmi_cdc.i_cdc_req/i_dst/async_ack_o_reg/Q (sg13g2_dfrbp_1)
                                         i_croc_soc/i_croc/i_dmi_jtag/i_dmi_cdc.i_cdc_req/async_ack (net)
                  0.07    0.00    0.30 v i_croc_soc/i_croc/i_dmi_jtag/i_dmi_cdc.i_cdc_req/i_dst/_107_/A1 (sg13g2_o21ai_1)
    82    0.42    4.02    2.96    3.25 ^ i_croc_soc/i_croc/i_dmi_jtag/i_dmi_cdc.i_cdc_req/i_dst/_107_/Y (sg13g2_o21ai_1)
                                         i_croc_soc/i_croc/i_dmi_jtag/i_dmi_cdc.i_cdc_req/i_dst/_047_ (net)
                  4.02    0.00    3.25 ^ i_croc_soc/i_croc/i_dmi_jtag/i_dmi_cdc.i_cdc_req/i_dst/_155_/S (sg13g2_mux2_1)
     1    0.00    0.08    0.52    3.78 v i_croc_soc/i_croc/i_dmi_jtag/i_dmi_cdc.i_cdc_req/i_dst/_155_/X (sg13g2_mux2_1)
                                         i_croc_soc/i_croc/i_dmi_jtag/i_dmi_cdc.i_cdc_req/i_dst/_001_ (net)
                  0.08    0.00    3.78 v i_croc_soc/i_croc/i_dmi_jtag/i_dmi_cdc.i_cdc_req/i_dst/data_o[0]_reg/D (sg13g2_dfrbp_1)
                                  3.78   data arrival time

                          4.38    4.38   max_delay
                         -0.09    4.29   library setup time
                                  4.29   data required time
-----------------------------------------------------------------------------
                                  4.29   data required time
                                 -3.78   data arrival time
-----------------------------------------------------------------------------
                                  0.51   slack (MET)


Startpoint: i_croc_soc/i_croc/i_dmi_jtag/td_o_reg
            (rising edge-triggered flip-flop clocked by clk_jtg')
Endpoint: jtag_tdo_o (output port clocked by clk_jtg)
Path Group: clk_jtg
Path Type: max
Corner: tt

Fanout     Cap    Slew   Delay    Time   Description
-----------------------------------------------------------------------------
                  0.20   10.00   10.00   clock clk_jtg' (rise edge)
                          0.00   10.00   clock network delay (ideal)
                  0.20    0.00   10.00 ^ i_croc_soc/i_croc/i_dmi_jtag/td_o_reg/CLK (sg13g2_dfrbp_1)
     1    0.04    0.17    0.37   10.37 ^ i_croc_soc/i_croc/i_dmi_jtag/td_o_reg/Q (sg13g2_dfrbp_1)
                                         soc_jtag_tdo_o (net)
                  0.23    0.00   10.37 ^ pad_jtag_tdo_o/c2p (sg13g2_IOPadOut16mA)
     1   15.00    3.55    3.21   13.58 ^ pad_jtag_tdo_o/pad (sg13g2_IOPadOut16mA)
                                         jtag_tdo_o (net)
                  2.66    0.00   13.58 ^ jtag_tdo_o (out)
                                 13.58   data arrival time

                  0.20   20.00   20.00   clock clk_jtg (rise edge)
                          0.00   20.00   clock network delay (ideal)
                         -0.10   19.90   clock uncertainty
                          0.00   19.90   clock reconvergence pessimism
                         -5.00   14.90   output external delay
                                 14.90   data required time
-----------------------------------------------------------------------------
                                 14.90   data required time
                                -13.58   data arrival time
-----------------------------------------------------------------------------
                                  1.32   slack (MET)


Startpoint: i_croc_soc/i_croc/i_core_wrap/i_ibex.id_stage_i.controller_i.instr_i_15__reg
            (rising edge-triggered flip-flop clocked by clk_sys)
Endpoint: i_croc_soc/i_croc/i_dm_top.i_dm_top/i_dm_mem.rdata_q_27__reg
          (rising edge-triggered flip-flop clocked by clk_sys)
Path Group: clk_sys
Path Type: max
Corner: tt

Fanout     Cap    Slew   Delay    Time   Description
-----------------------------------------------------------------------------
                  0.20    0.00    0.00   clock clk_sys (rise edge)
                          0.00    0.00   clock network delay (ideal)
                  0.20    0.00    0.00 ^ i_croc_soc/i_croc/i_core_wrap/i_ibex.id_stage_i.controller_i.instr_i_15__reg/CLK (sg13g2_dfrbp_1)
   426    2.42    9.76    6.97    6.97 ^ i_croc_soc/i_croc/i_core_wrap/i_ibex.id_stage_i.controller_i.instr_i_15__reg/Q (sg13g2_dfrbp_1)
                                         i_croc_soc/i_croc/i_core_wrap/i_ibex.id_stage_i.controller_i.instr_i_15_ (net)
                  9.76    0.00    6.97 ^ i_croc_soc/i_croc/i_core_wrap/i_ibex.register_file_i/_4071_/A (sg13g2_nor2b_2)
    28    0.08    1.77    1.81    8.78 v i_croc_soc/i_croc/i_core_wrap/i_ibex.register_file_i/_4071_/Y (sg13g2_nor2b_2)
                                         i_croc_soc/i_croc/i_core_wrap/i_ibex.register_file_i/_1029_ (net)
                  1.77    0.00    8.78 v i_croc_soc/i_croc/i_core_wrap/i_ibex.register_file_i/_4544_/A2 (sg13g2_a22oi_1)
     1    0.00    0.61    0.25    9.03 ^ i_croc_soc/i_croc/i_core_wrap/i_ibex.register_file_i/_4544_/Y (sg13g2_a22oi_1)
                                         i_croc_soc/i_croc/i_core_wrap/i_ibex.register_file_i/_1486_ (net)
                  0.61    0.00    9.03 ^ i_croc_soc/i_croc/i_core_wrap/i_ibex.register_file_i/_4548_/A2 (sg13g2_o21ai_1)
     1    0.00    0.10    0.12    9.15 v i_croc_soc/i_croc/i_core_wrap/i_ibex.register_file_i/_4548_/Y (sg13g2_o21ai_1)
                                         i_croc_soc/i_croc/i_core_wrap/i_ibex.register_file_i/_1490_ (net)
                  0.10    0.00    9.15 v i_croc_soc/i_croc/i_core_wrap/i_ibex.register_file_i/_4549_/B (sg13g2_nand2_1)
     1    0.00    0.07    0.06    9.21 ^ i_croc_soc/i_croc/i_core_wrap/i_ibex.register_file_i/_4549_/Y (sg13g2_nand2_1)
                                         i_croc_soc/i_croc/i_core_wrap/i_ibex.register_file_i/_1491_ (net)
                  0.07    0.00    9.21 ^ i_croc_soc/i_croc/i_core_wrap/i_ibex.register_file_i/_4562_/B (sg13g2_nand3_1)
     1    0.00    0.04    0.07    9.27 v i_croc_soc/i_croc/i_core_wrap/i_ibex.register_file_i/_4562_/Y (sg13g2_nand3_1)
                                         i_croc_soc/i_croc/i_core_wrap/i_ibex.ex_block_i.multdiv_operand_a_i_8_ (net)
                  0.04    0.00    9.27 v i_croc_soc/i_croc/i_core_wrap/_05829_/A0 (sg13g2_mux2_1)
     1    0.00    0.04    0.11    9.38 v i_croc_soc/i_croc/i_core_wrap/_05829_/X (sg13g2_mux2_1)
                                         i_croc_soc/i_croc/i_core_wrap/_01100_ (net)
                  0.04    0.00    9.38 v i_croc_soc/i_croc/i_core_wrap/_05830_/B (sg13g2_and2_1)
     1    0.00    0.03    0.08    9.46 v i_croc_soc/i_croc/i_core_wrap/_05830_/X (sg13g2_and2_1)
                                         i_croc_soc/i_croc/i_core_wrap/_01101_ (net)
                  0.03    0.00    9.46 v i_croc_soc/i_croc/i_core_wrap/_05831_/B1 (sg13g2_a21oi_1)
    20    0.06    0.54    0.41    9.87 ^ i_croc_soc/i_croc/i_core_wrap/_05831_/Y (sg13g2_a21oi_1)
                                         i_croc_soc/i_croc/i_core_wrap/_01102_ (net)
                  0.54    0.00    9.87 ^ i_croc_soc/i_croc/i_core_wrap/_06040_/B (sg13g2_xnor2_1)
     8    0.03    0.26    0.36   10.23 v i_croc_soc/i_croc/i_core_wrap/_06040_/Y (sg13g2_xnor2_1)
                                         i_croc_soc/i_croc/i_core_wrap/_01305_ (net)
                  0.26    0.00   10.23 v i_croc_soc/i_croc/i_core_wrap/_06048_/B (sg13g2_or4_1)
     1    0.00    0.04    0.25   10.48 v i_croc_soc/i_croc/i_core_wrap/_06048_/X (sg13g2_or4_1)
                                         i_croc_soc/i_croc/i_core_wrap/_01313_ (net)
                  0.04    0.00   10.48 v i_croc_soc/i_croc/i_core_wrap/_06049_/B1 (sg13g2_o21ai_1)
     1    0.00    0.08    0.04   10.52 ^ i_croc_soc/i_croc/i_core_wrap/_06049_/Y (sg13g2_o21ai_1)
                                         i_croc_soc/i_croc/i_core_wrap/_01314_ (net)
                  0.08    0.00   10.52 ^ i_croc_soc/i_croc/i_core_wrap/_06052_/C (sg13g2_nand4_1)
     2    0.01    0.12    0.13   10.65 v i_croc_soc/i_croc/i_core_wrap/_06052_/Y (sg13g2_nand4_1)
                                         i_croc_soc/i_croc/i_core_wrap/_01317_ (net)
                  0.12    0.00   10.65 v i_croc_soc/i_croc/i_core_wrap/_06053_/B1 (sg13g2_a21oi_1)
     7    0.02    0.22    0.22   10.87 ^ i_croc_soc/i_croc/i_core_wrap/_06053_/Y (sg13g2_a21oi_1)
                                         i_croc_soc/i_croc/i_core_wrap/_01318_ (net)
                  0.22    0.00   10.87 ^ i_croc_soc/i_croc/i_core_wrap/_06054_/C (sg13g2_or3_1)
     2    0.01    0.04    0.14   11.01 ^ i_croc_soc/i_croc/i_core_wrap/_06054_/X (sg13g2_or3_1)
                                         i_croc_soc/i_croc/i_core_wrap/_01319_ (net)
                  0.04    0.00   11.01 ^ i_croc_soc/i_croc/i_core_wrap/_06159_/A1 (sg13g2_a21oi_1)
     5    0.02    0.14    0.13   11.15 v i_croc_soc/i_croc/i_core_wrap/_06159_/Y (sg13g2_a21oi_1)
                                         i_croc_soc/i_croc/i_core_wrap/_01418_ (net)
                  0.14    0.00   11.15 v i_croc_soc/i_croc/i_core_wrap/_06166_/A1 (sg13g2_o21ai_1)
     4    0.02    0.22    0.24   11.39 ^ i_croc_soc/i_croc/i_core_wrap/_06166_/Y (sg13g2_o21ai_1)
                                         i_croc_soc/i_croc/i_core_wrap/_01425_ (net)
                  0.22    0.00   11.39 ^ i_croc_soc/i_croc/i_core_wrap/_06167_/A2 (sg13g2_a21oi_1)
     2    0.01    0.09    0.14   11.52 v i_croc_soc/i_croc/i_core_wrap/_06167_/Y (sg13g2_a21oi_1)
                                         i_croc_soc/i_croc/i_core_wrap/_01426_ (net)
                  0.09    0.00   11.52 v i_croc_soc/i_croc/i_core_wrap/_06168_/B (sg13g2_nand2b_1)
     1    0.01    0.05    0.07   11.59 ^ i_croc_soc/i_croc/i_core_wrap/_06168_/Y (sg13g2_nand2b_1)
                                         i_croc_soc/i_croc/i_core_wrap/_01427_ (net)
                  0.05    0.00   11.59 ^ i_croc_soc/i_croc/i_core_wrap/_06174_/A (sg13g2_xnor2_1)
     7    0.02    0.13    0.14   11.73 v i_croc_soc/i_croc/i_core_wrap/_06174_/Y (sg13g2_xnor2_1)
                                         i_croc_soc/i_croc/core_data_obi_req_70_ (net)
                  0.13    0.00   11.73 v i_croc_soc/i_croc/_3602_/B (sg13g2_nor3_1)
     3    0.01    0.16    0.18   11.90 ^ i_croc_soc/i_croc/_3602_/Y (sg13g2_nor3_1)
                                         i_croc_soc/i_croc/_0319_ (net)
                  0.16    0.00   11.90 ^ i_croc_soc/i_croc/_3605_/B (sg13g2_nand4_1)
     3    0.01    0.15    0.18   12.08 v i_croc_soc/i_croc/_3605_/Y (sg13g2_nand4_1)
                                         i_croc_soc/i_croc/_0322_ (net)
                  0.15    0.00   12.08 v i_croc_soc/i_croc/_3633_/B (sg13g2_nor3_1)
     5    0.01    0.22    0.23   12.31 ^ i_croc_soc/i_croc/_3633_/Y (sg13g2_nor3_1)
                                         i_croc_soc/i_croc/_0350_ (net)
                  0.22    0.00   12.31 ^ i_croc_soc/i_croc/_3638_/B1 (sg13g2_a22oi_1)
     1    0.00    0.06    0.10   12.41 v i_croc_soc/i_croc/_3638_/Y (sg13g2_a22oi_1)
                                         i_croc_soc/i_croc/_0355_ (net)
                  0.06    0.00   12.41 v i_croc_soc/i_croc/_3664_/A2 (sg13g2_a221oi_1)
    39    0.12    1.48    1.15   13.56 ^ i_croc_soc/i_croc/_3664_/Y (sg13g2_a221oi_1)
                                         i_croc_soc/i_croc/_0380_ (net)
                  1.48    0.00   13.56 ^ i_croc_soc/i_croc/_3681_/B1 (sg13g2_a221oi_1)
     8    0.03    0.42    0.49   14.04 v i_croc_soc/i_croc/_3681_/Y (sg13g2_a221oi_1)
                                         i_croc_soc/i_croc/_0396_ (net)
                  0.42    0.00   14.04 v i_croc_soc/i_croc/_3696_/A (sg13g2_nor2_2)
    32    0.10    0.45    0.47   14.51 ^ i_croc_soc/i_croc/_3696_/Y (sg13g2_nor2_2)
                                         i_croc_soc/i_croc/_0411_ (net)
                  0.45    0.00   14.51 ^ i_croc_soc/i_croc/_3788_/A2 (sg13g2_a22oi_1)
     1    0.00    0.16    0.17   14.68 v i_croc_soc/i_croc/_3788_/Y (sg13g2_a22oi_1)
                                         i_croc_soc/i_croc/_0503_ (net)
                  0.16    0.00   14.68 v i_croc_soc/i_croc/_3791_/A2 (sg13g2_a22oi_1)
     3    0.01    0.12    0.14   14.82 ^ i_croc_soc/i_croc/_3791_/Y (sg13g2_a22oi_1)
                                         i_croc_soc/i_croc/_0506_ (net)
                  0.12    0.00   14.82 ^ i_croc_soc/i_croc/_3794_/D (sg13g2_and4_1)
     1    0.00    0.03    0.17   14.99 ^ i_croc_soc/i_croc/_3794_/X (sg13g2_and4_1)
                                         i_croc_soc/i_croc/_0509_ (net)
                  0.03    0.00   14.99 ^ i_croc_soc/i_croc/_3801_/A1 (sg13g2_mux2_1)
     5    0.01    0.08    0.12   15.11 ^ i_croc_soc/i_croc/_3801_/X (sg13g2_mux2_1)
                                         i_croc_soc/i_croc/_0516_ (net)
                  0.08    0.00   15.11 ^ i_croc_soc/i_croc/_3803_/A2 (sg13g2_a21oi_1)
     2    0.00    0.05    0.08   15.19 v i_croc_soc/i_croc/_3803_/Y (sg13g2_a21oi_1)
                                         i_croc_soc/i_croc/_0518_ (net)
                  0.05    0.00   15.19 v i_croc_soc/i_croc/_3811_/C (sg13g2_or4_1)
     3    0.01    0.06    0.21   15.40 v i_croc_soc/i_croc/_3811_/X (sg13g2_or4_1)
                                         i_croc_soc/i_croc/_0526_ (net)
                  0.06    0.00   15.40 v i_croc_soc/i_croc/_3812_/B (sg13g2_nand2_1)
     5    0.02    0.09    0.09   15.48 ^ i_croc_soc/i_croc/_3812_/Y (sg13g2_nand2_1)
                                         i_croc_soc/i_croc/_0527_ (net)
                  0.09    0.00   15.48 ^ i_croc_soc/i_croc/_3813_/B (sg13g2_nand2_1)
    63    0.19    1.06    0.85   16.33 v i_croc_soc/i_croc/_3813_/Y (sg13g2_nand2_1)
                                         i_croc_soc/i_croc/_0528_ (net)
                  1.06    0.00   16.33 v i_croc_soc/i_croc/_3988_/A (sg13g2_nor2_1)
    85    0.53    4.24    3.47   19.80 ^ i_croc_soc/i_croc/_3988_/Y (sg13g2_nor2_1)
                                         i_croc_soc/i_croc/all_periph_obi_req_120_ (net)
                  4.24    0.00   19.80 ^ i_croc_soc/i_croc/i_dm_top.i_dm_top/_4967_/A (sg13g2_inv_1)
    10    0.03    0.73    0.76   20.57 v i_croc_soc/i_croc/i_dm_top.i_dm_top/_4967_/Y (sg13g2_inv_1)
                                         i_croc_soc/i_croc/i_dm_top.i_dm_top/_0723_ (net)
                  0.73    0.00   20.57 v i_croc_soc/i_croc/i_dm_top.i_dm_top/_4968_/B (sg13g2_nand2_1)
     6    0.02    0.22    0.26   20.83 ^ i_croc_soc/i_croc/i_dm_top.i_dm_top/_4968_/Y (sg13g2_nand2_1)
                                         i_croc_soc/i_croc/i_dm_top.i_dm_top/_0724_ (net)
                  0.22    0.00   20.83 ^ i_croc_soc/i_croc/i_dm_top.i_dm_top/_4970_/C (sg13g2_nor4_1)
     4    0.01    0.13    0.12   20.95 v i_croc_soc/i_croc/i_dm_top.i_dm_top/_4970_/Y (sg13g2_nor4_1)
                                         i_croc_soc/i_croc/i_dm_top.i_dm_top/_0726_ (net)
                  0.13    0.00   20.95 v i_croc_soc/i_croc/i_dm_top.i_dm_top/_4985_/B (sg13g2_and2_1)
     5    0.01    0.06    0.14   21.09 v i_croc_soc/i_croc/i_dm_top.i_dm_top/_4985_/X (sg13g2_and2_1)
                                         i_croc_soc/i_croc/i_dm_top.i_dm_top/_0741_ (net)
                  0.06    0.00   21.09 v i_croc_soc/i_croc/i_dm_top.i_dm_top/_8105_/B (sg13g2_nand3_1)
     2    0.01    0.06    0.06   21.15 ^ i_croc_soc/i_croc/i_dm_top.i_dm_top/_8105_/Y (sg13g2_nand3_1)
                                         i_croc_soc/i_croc/i_dm_top.i_dm_top/_3266_ (net)
                  0.06    0.00   21.15 ^ i_croc_soc/i_croc/i_dm_top.i_dm_top/_8107_/A2 (sg13g2_o21ai_1)
     8    0.02    0.15    0.14   21.29 v i_croc_soc/i_croc/i_dm_top.i_dm_top/_8107_/Y (sg13g2_o21ai_1)
                                         i_croc_soc/i_croc/i_dm_top.i_dm_top/_3268_ (net)
                  0.15    0.00   21.29 v i_croc_soc/i_croc/i_dm_top.i_dm_top/_8108_/B1 (sg13g2_a21oi_1)
    43    0.15    1.25    0.97   22.27 ^ i_croc_soc/i_croc/i_dm_top.i_dm_top/_8108_/Y (sg13g2_a21oi_1)
                                         i_croc_soc/i_croc/i_dm_top.i_dm_top/_3269_ (net)
                  1.25    0.00   22.27 ^ i_croc_soc/i_croc/i_dm_top.i_dm_top/_8345_/B (sg13g2_nand3_1)
     1    0.00    0.18    0.22   22.49 v i_croc_soc/i_croc/i_dm_top.i_dm_top/_8345_/Y (sg13g2_nand3_1)
                                         i_croc_soc/i_croc/i_dm_top.i_dm_top/_3487_ (net)
                  0.18    0.00   22.49 v i_croc_soc/i_croc/i_dm_top.i_dm_top/_8346_/B1 (sg13g2_o21ai_1)
     1    0.00    0.15    0.07   22.56 ^ i_croc_soc/i_croc/i_dm_top.i_dm_top/_8346_/Y (sg13g2_o21ai_1)
                                         i_croc_soc/i_croc/i_dm_top.i_dm_top/_0541_ (net)
                  0.15    0.00   22.56 ^ i_croc_soc/i_croc/i_dm_top.i_dm_top/i_dm_mem.rdata_q_27__reg/D (sg13g2_dfrbp_1)
                                 22.56   data arrival time

                  0.20   12.50   12.50   clock clk_sys (rise edge)
                          0.00   12.50   clock network delay (ideal)
                         -0.10   12.40   clock uncertainty
                          0.00   12.40   clock reconvergence pessimism
                                 12.40 ^ i_croc_soc/i_croc/i_dm_top.i_dm_top/i_dm_mem.rdata_q_27__reg/CLK (sg13g2_dfrbp_1)
                         -0.13   12.27   library setup time
                                 12.27   data required time
-----------------------------------------------------------------------------
                                 12.27   data required time
                                -22.56   data arrival time
-----------------------------------------------------------------------------
                                -10.29   slack (VIOLATED)



==========================================================================
02_croc.gpl1 report_check_types -max_slew -max_cap -max_fanout -violators
--------------------------------------------------------------------------

==========================================================================
02_croc.gpl1 max_slew_check_slack
--------------------------------------------------------------------------
-146.05258178710938

==========================================================================
02_croc.gpl1 max_slew_check_limit
--------------------------------------------------------------------------
2.5074000358581543

==========================================================================
02_croc.gpl1 max_slew_check_slack_limit
--------------------------------------------------------------------------
-58.2486

==========================================================================
02_croc.gpl1 max_fanout_check_slack
--------------------------------------------------------------------------
-5643.0

==========================================================================
02_croc.gpl1 max_fanout_check_limit
--------------------------------------------------------------------------
8.0

==========================================================================
02_croc.gpl1 max_fanout_check_slack_limit
--------------------------------------------------------------------------
-705.3750

==========================================================================
02_croc.gpl1 max_capacitance_check_slack
--------------------------------------------------------------------------
-39.558570861816406

==========================================================================
02_croc.gpl1 max_capacitance_check_limit
--------------------------------------------------------------------------
0.30000001192092896

==========================================================================
02_croc.gpl1 max_capacitance_check_slack_limit
--------------------------------------------------------------------------
-131.8619

==========================================================================
02_croc.gpl1 max_slew_violation_count
--------------------------------------------------------------------------
max slew violation count 8162

==========================================================================
02_croc.gpl1 max_fanout_violation_count
--------------------------------------------------------------------------
max fanout violation count 929

==========================================================================
02_croc.gpl1 max_cap_violation_count
--------------------------------------------------------------------------
max cap violation count 228

==========================================================================
02_croc.gpl1 setup_violation_count
--------------------------------------------------------------------------
setup violation count 14112

==========================================================================
02_croc.gpl1 hold_violation_count
--------------------------------------------------------------------------
hold violation count 158

==========================================================================
02_croc.gpl1 critical path delay
--------------------------------------------------------------------------
102.6032

==========================================================================
02_croc.gpl1 critical path slack
--------------------------------------------------------------------------
-108.8323

==========================================================================
02_croc.gpl1 slack div critical path delay
--------------------------------------------------------------------------
-106.071058

==========================================================================
02_croc.gpl1 report_power tt
--------------------------------------------------------------------------
Group                  Internal  Switching    Leakage      Total
                          Power      Power      Power      Power (Watts)
----------------------------------------------------------------
Sequential             2.74e-02   7.27e-04   2.83e-06   2.81e-02  53.2%
Combinational          1.71e-02   4.03e-03   4.45e-06   2.11e-02  40.0%
Clock                  1.29e-06   6.78e-07   2.94e-10   1.97e-06   0.0%
Macro                  0.00e+00   0.00e+00   0.00e+00   0.00e+00   0.0%
Pad                    1.29e-04   3.47e-03   1.08e-07   3.60e-03   6.8%
----------------------------------------------------------------
Total                  4.46e-02   8.24e-03   7.39e-06   5.29e-02 100.0%
                          84.4%      15.6%       0.0%

==========================================================================
02_croc.gpl1 report_design_area
--------------------------------------------------------------------------

==========================================================================
02_croc.gpl1 area by hierarchy
--------------------------------------------------------------------------

--------------------------------------------------------------------------------
Design Area Summary
--------------------------------------------------------------------------------
Die Area:              3097600.0 um2
Core Area:             1764086.688 um2
Total Area:            2263643.376 um2
Total Active Area:     812443.376 um2

Core Utilization:      0.4605461747013648
Std Cell Utilization:  0.3968258482849893

--------------------------------------------------------------------------------
Hierarchical Area Report
--------------------------------------------------------------------------------
                                                                                Global Area (um^2)                                                              Global Instances                                                                Local Area (um^2)                                                               Local Instances
                                                                                ------------------------------------------------------------------------------- ------------------------------------------------------------------------------- ------------------------------------------------------------------------------- ----------------------------------------------------------------------------
Hierarchy Name                                                                  Total           StdCell         Macro           Cover           Pad             Total           StdCell         Macro           Cover           Pad             Total           StdCell         Macro           Cover           Pad             Total           StdCell         Macro           Cover           Pad             
-----------------------------------------------------------------------------------------------------------------------------------------------------------------------------------------------------------------------------------------------------------------------------------------------------------------------------------------------------------------------------------------------------------
<top>                                                                           2263643.376     626082.307      186361.069      313600.000      1137600.000     35863           35657           2               64              140             1456098.880     4898.880        0.000           313600.000      1137600.000     879             675             0               64              140             
  i_croc_soc                                                                    807544.496      621183.427      186361.069      0.000           0.000           34984           34982           2               0               0               195.955         195.955         0.000           0.000           0.000           5               5               0               0               0               
    i_croc                                                                      732843.834      546482.765      186361.069      0.000           0.000           30686           30684           2               0               0               43995.571       43995.571       0.000           0.000           0.000           4004            4004            0               0               0               
      gen_sram_bank\[0\].i_sram                                                 94936.874       1756.339        93180.534       0.000           0.000           186             185             1               0               0               94936.874       1756.339        93180.534       0.000           0.000           186             185             1               0               0               
      gen_sram_bank\[1\].i_sram                                                 94936.874       1756.339        93180.534       0.000           0.000           186             185             1               0               0               94936.874       1756.339        93180.534       0.000           0.000           186             185             1               0               0               
      i_core_wrap                                                               209648.477      209648.477      0.000           0.000           0.000           11819           11819           0               0               0               66290.918       66290.918       0.000           0.000           0.000           4984            4984            0               0               0               
        i_ibex.cs_registers_i                                                   52013.405       52013.405       0.000           0.000           0.000           3160            3160            0               0               0               52013.405       52013.405       0.000           0.000           0.000           3160            3160            0               0               0               
        i_ibex.register_file_i                                                  91344.154       91344.154       0.000           0.000           0.000           3675            3675            0               0               0               91344.154       91344.154       0.000           0.000           0.000           3675            3675            0               0               0               
      i_dm_top.i_dm_top                                                         71242.416       71242.416       0.000           0.000           0.000           4639            4639            0               0               0               71242.416       71242.416       0.000           0.000           0.000           4639            4639            0               0               0               
      i_dmi_jtag                                                                39905.914       39905.914       0.000           0.000           0.000           2352            2352            0               0               0               16786.829       16786.829       0.000           0.000           0.000           1164            1164            0               0               0               
        i_dmi_cdc.i_cdc_req                                                     12154.666       12154.666       0.000           0.000           0.000           618             618             0               0               0               224.986         224.986         0.000           0.000           0.000           8               8               0               0               0               
          i_cdc_reset_ctrlr                                                     3886.445        3886.445        0.000           0.000           0.000           255             255             0               0               0               0.000           0.000           0.000           0.000           0.000           0               0               0               0               0               
            i_cdc_reset_ctrlr_half_a                                            1946.851        1946.851        0.000           0.000           0.000           130             130             0               0               0               999.734         999.734         0.000           0.000           0.000           82              82              0               0               0               
              i_state_transition_cdc_dst                                        368.323         368.323         0.000           0.000           0.000           19              19              0               0               0               273.974         273.974         0.000           0.000           0.000           17              17              0               0               0               
                i_sync                                                          94.349          94.349          0.000           0.000           0.000           2               2               0               0               0               94.349          94.349          0.000           0.000           0.000           2               2               0               0               0               
              i_state_transition_cdc_src                                        578.794         578.794         0.000           0.000           0.000           29              29              0               0               0               484.445         484.445         0.000           0.000           0.000           27              27              0               0               0               
                i_sync                                                          94.349          94.349          0.000           0.000           0.000           2               2               0               0               0               94.349          94.349          0.000           0.000           0.000           2               2               0               0               0               
            i_cdc_reset_ctrlr_half_b                                            1939.594        1939.594        0.000           0.000           0.000           125             125             0               0               0               992.477         992.477         0.000           0.000           0.000           77              77              0               0               0               
              i_state_transition_cdc_dst                                        368.323         368.323         0.000           0.000           0.000           19              19              0               0               0               273.974         273.974         0.000           0.000           0.000           17              17              0               0               0               
                i_sync                                                          94.349          94.349          0.000           0.000           0.000           2               2               0               0               0               94.349          94.349          0.000           0.000           0.000           2               2               0               0               0               
              i_state_transition_cdc_src                                        578.794         578.794         0.000           0.000           0.000           29              29              0               0               0               484.445         484.445         0.000           0.000           0.000           27              27              0               0               0               
                i_sync                                                          94.349          94.349          0.000           0.000           0.000           2               2               0               0               0               94.349          94.349          0.000           0.000           0.000           2               2               0               0               0               
          i_dst                                                                 4049.741        4049.741        0.000           0.000           0.000           178             178             0               0               0               3908.218        3908.218        0.000           0.000           0.000           175             175             0               0               0               
            i_sync                                                              141.523         141.523         0.000           0.000           0.000           3               3               0               0               0               141.523         141.523         0.000           0.000           0.000           3               3               0               0               0               
          i_src                                                                 3993.494        3993.494        0.000           0.000           0.000           177             177             0               0               0               3851.971        3851.971        0.000           0.000           0.000           174             174             0               0               0               
            i_sync                                                              141.523         141.523         0.000           0.000           0.000           3               3               0               0               0               141.523         141.523         0.000           0.000           0.000           3               3               0               0               0               
        i_dmi_cdc.i_cdc_resp                                                    10933.574       10933.574       0.000           0.000           0.000           567             567             0               0               0               232.243         232.243         0.000           0.000           0.000           9               9               0               0               0               
          i_cdc_reset_ctrlr                                                     3929.990        3929.990        0.000           0.000           0.000           259             259             0               0               0               0.000           0.000           0.000           0.000           0.000           0               0               0               0               0               
            i_cdc_reset_ctrlr_half_a                                            1939.594        1939.594        0.000           0.000           0.000           127             127             0               0               0               992.477         992.477         0.000           0.000           0.000           79              79              0               0               0               
              i_state_transition_cdc_dst                                        368.323         368.323         0.000           0.000           0.000           19              19              0               0               0               273.974         273.974         0.000           0.000           0.000           17              17              0               0               0               
                i_sync                                                          94.349          94.349          0.000           0.000           0.000           2               2               0               0               0               94.349          94.349          0.000           0.000           0.000           2               2               0               0               0               
              i_state_transition_cdc_src                                        578.794         578.794         0.000           0.000           0.000           29              29              0               0               0               484.445         484.445         0.000           0.000           0.000           27              27              0               0               0               
                i_sync                                                          94.349          94.349          0.000           0.000           0.000           2               2               0               0               0               94.349          94.349          0.000           0.000           0.000           2               2               0               0               0               
            i_cdc_reset_ctrlr_half_b                                            1990.397        1990.397        0.000           0.000           0.000           132             132             0               0               0               1043.280        1043.280        0.000           0.000           0.000           84              84              0               0               0               
              i_state_transition_cdc_dst                                        368.323         368.323         0.000           0.000           0.000           19              19              0               0               0               273.974         273.974         0.000           0.000           0.000           17              17              0               0               0               
                i_sync                                                          94.349          94.349          0.000           0.000           0.000           2               2               0               0               0               94.349          94.349          0.000           0.000           0.000           2               2               0               0               0               
              i_state_transition_cdc_src                                        578.794         578.794         0.000           0.000           0.000           29              29              0               0               0               484.445         484.445         0.000           0.000           0.000           27              27              0               0               0               
                i_sync                                                          94.349          94.349          0.000           0.000           0.000           2               2               0               0               0               94.349          94.349          0.000           0.000           0.000           2               2               0               0               0               
          i_dst                                                                 3414.701        3414.701        0.000           0.000           0.000           150             150             0               0               0               3273.178        3273.178        0.000           0.000           0.000           147             147             0               0               0               
            i_sync                                                              141.523         141.523         0.000           0.000           0.000           3               3               0               0               0               141.523         141.523         0.000           0.000           0.000           3               3               0               0               0               
          i_src                                                                 3356.640        3356.640        0.000           0.000           0.000           149             149             0               0               0               3215.117        3215.117        0.000           0.000           0.000           146             146             0               0               0               
            i_sync                                                              141.523         141.523         0.000           0.000           0.000           3               3               0               0               0               141.523         141.523         0.000           0.000           0.000           3               3               0               0               0               
        i_dmi_jtag_tap.i_dft_tck_mux                                            25.402          25.402          0.000           0.000           0.000           2               2               0               0               0               25.402          25.402          0.000           0.000           0.000           2               2               0               0               0               
        i_dmi_jtag_tap.i_tck_inv                                                5.443           5.443           0.000           0.000           0.000           1               1               0               0               0               5.443           5.443           0.000           0.000           0.000           1               1               0               0               0               
      i_gpio                                                                    25748.150       25748.150       0.000           0.000           0.000           1253            1253            0               0               0               22728.989       22728.989       0.000           0.000           0.000           1189            1189            0               0               0               
        gen_gpios\[0\].i_sync                                                   94.349          94.349          0.000           0.000           0.000           2               2               0               0               0               94.349          94.349          0.000           0.000           0.000           2               2               0               0               0               
        gen_gpios\[10\].i_sync                                                  94.349          94.349          0.000           0.000           0.000           2               2               0               0               0               94.349          94.349          0.000           0.000           0.000           2               2               0               0               0               
        gen_gpios\[11\].i_sync                                                  94.349          94.349          0.000           0.000           0.000           2               2               0               0               0               94.349          94.349          0.000           0.000           0.000           2               2               0               0               0               
        gen_gpios\[12\].i_sync                                                  94.349          94.349          0.000           0.000           0.000           2               2               0               0               0               94.349          94.349          0.000           0.000           0.000           2               2               0               0               0               
        gen_gpios\[13\].i_sync                                                  94.349          94.349          0.000           0.000           0.000           2               2               0               0               0               94.349          94.349          0.000           0.000           0.000           2               2               0               0               0               
        gen_gpios\[14\].i_sync                                                  94.349          94.349          0.000           0.000           0.000           2               2               0               0               0               94.349          94.349          0.000           0.000           0.000           2               2               0               0               0               
        gen_gpios\[15\].i_sync                                                  94.349          94.349          0.000           0.000           0.000           2               2               0               0               0               94.349          94.349          0.000           0.000           0.000           2               2               0               0               0               
        gen_gpios\[16\].i_sync                                                  94.349          94.349          0.000           0.000           0.000           2               2               0               0               0               94.349          94.349          0.000           0.000           0.000           2               2               0               0               0               
        gen_gpios\[17\].i_sync                                                  94.349          94.349          0.000           0.000           0.000           2               2               0               0               0               94.349          94.349          0.000           0.000           0.000           2               2               0               0               0               
        gen_gpios\[18\].i_sync                                                  94.349          94.349          0.000           0.000           0.000           2               2               0               0               0               94.349          94.349          0.000           0.000           0.000           2               2               0               0               0               
        gen_gpios\[19\].i_sync                                                  94.349          94.349          0.000           0.000           0.000           2               2               0               0               0               94.349          94.349          0.000           0.000           0.000           2               2               0               0               0               
        gen_gpios\[1\].i_sync                                                   94.349          94.349          0.000           0.000           0.000           2               2               0               0               0               94.349          94.349          0.000           0.000           0.000           2               2               0               0               0               
        gen_gpios\[20\].i_sync                                                  94.349          94.349          0.000           0.000           0.000           2               2               0               0               0               94.349          94.349          0.000           0.000           0.000           2               2               0               0               0               
        gen_gpios\[21\].i_sync                                                  94.349          94.349          0.000           0.000           0.000           2               2               0               0               0               94.349          94.349          0.000           0.000           0.000           2               2               0               0               0               
        gen_gpios\[22\].i_sync                                                  94.349          94.349          0.000           0.000           0.000           2               2               0               0               0               94.349          94.349          0.000           0.000           0.000           2               2               0               0               0               
        gen_gpios\[23\].i_sync                                                  94.349          94.349          0.000           0.000           0.000           2               2               0               0               0               94.349          94.349          0.000           0.000           0.000           2               2               0               0               0               
        gen_gpios\[24\].i_sync                                                  94.349          94.349          0.000           0.000           0.000           2               2               0               0               0               94.349          94.349          0.000           0.000           0.000           2               2               0               0               0               
        gen_gpios\[25\].i_sync                                                  94.349          94.349          0.000           0.000           0.000           2               2               0               0               0               94.349          94.349          0.000           0.000           0.000           2               2               0               0               0               
        gen_gpios\[26\].i_sync                                                  94.349          94.349          0.000           0.000           0.000           2               2               0               0               0               94.349          94.349          0.000           0.000           0.000           2               2               0               0               0               
        gen_gpios\[27\].i_sync                                                  94.349          94.349          0.000           0.000           0.000           2               2               0               0               0               94.349          94.349          0.000           0.000           0.000           2               2               0               0               0               
        gen_gpios\[28\].i_sync                                                  94.349          94.349          0.000           0.000           0.000           2               2               0               0               0               94.349          94.349          0.000           0.000           0.000           2               2               0               0               0               
        gen_gpios\[29\].i_sync                                                  94.349          94.349          0.000           0.000           0.000           2               2               0               0               0               94.349          94.349          0.000           0.000           0.000           2               2               0               0               0               
        gen_gpios\[2\].i_sync                                                   94.349          94.349          0.000           0.000           0.000           2               2               0               0               0               94.349          94.349          0.000           0.000           0.000           2               2               0               0               0               
        gen_gpios\[30\].i_sync                                                  94.349          94.349          0.000           0.000           0.000           2               2               0               0               0               94.349          94.349          0.000           0.000           0.000           2               2               0               0               0               
        gen_gpios\[31\].i_sync                                                  94.349          94.349          0.000           0.000           0.000           2               2               0               0               0               94.349          94.349          0.000           0.000           0.000           2               2               0               0               0               
        gen_gpios\[3\].i_sync                                                   94.349          94.349          0.000           0.000           0.000           2               2               0               0               0               94.349          94.349          0.000           0.000           0.000           2               2               0               0               0               
        gen_gpios\[4\].i_sync                                                   94.349          94.349          0.000           0.000           0.000           2               2               0               0               0               94.349          94.349          0.000           0.000           0.000           2               2               0               0               0               
        gen_gpios\[5\].i_sync                                                   94.349          94.349          0.000           0.000           0.000           2               2               0               0               0               94.349          94.349          0.000           0.000           0.000           2               2               0               0               0               
        gen_gpios\[6\].i_sync                                                   94.349          94.349          0.000           0.000           0.000           2               2               0               0               0               94.349          94.349          0.000           0.000           0.000           2               2               0               0               0               
        gen_gpios\[7\].i_sync                                                   94.349          94.349          0.000           0.000           0.000           2               2               0               0               0               94.349          94.349          0.000           0.000           0.000           2               2               0               0               0               
        gen_gpios\[8\].i_sync                                                   94.349          94.349          0.000           0.000           0.000           2               2               0               0               0               94.349          94.349          0.000           0.000           0.000           2               2               0               0               0               
        gen_gpios\[9\].i_sync                                                   94.349          94.349          0.000           0.000           0.000           2               2               0               0               0               94.349          94.349          0.000           0.000           0.000           2               2               0               0               0               
      i_soc_ctrl                                                                5617.382        5617.382        0.000           0.000           0.000           268             268             0               0               0               5617.382        5617.382        0.000           0.000           0.000           268             268             0               0               0               
      i_timer                                                                   27121.651       27121.651       0.000           0.000           0.000           1592            1592            0               0               0               27121.651       27121.651       0.000           0.000           0.000           1592            1592            0               0               0               
      i_uart                                                                    119690.525      119690.525      0.000           0.000           0.000           4387            4387            0               0               0               119690.525      119690.525      0.000           0.000           0.000           4387            4387            0               0               0               
    i_ext_intr_sync                                                             94.349          94.349          0.000           0.000           0.000           2               2               0               0               0               94.349          94.349          0.000           0.000           0.000           2               2               0               0               0               
    i_rstgen.i_rstgen_bypass.i_tc_clk_mux2_init_no                              32.659          32.659          0.000           0.000           0.000           3               3               0               0               0               32.659          32.659          0.000           0.000           0.000           3               3               0               0               0               
    i_rstgen.i_rstgen_bypass.i_tc_clk_mux2_rst_n                                25.402          25.402          0.000           0.000           0.000           2               2               0               0               0               25.402          25.402          0.000           0.000           0.000           2               2               0               0               0               
    i_rstgen.i_rstgen_bypass.i_tc_clk_mux2_rst_no                               25.402          25.402          0.000           0.000           0.000           2               2               0               0               0               25.402          25.402          0.000           0.000           0.000           2               2               0               0               0               
    i_user                                                                      74326.896       74326.896       0.000           0.000           0.000           4284            4284            0               0               0               74326.896       74326.896       0.000           0.000           0.000           4284            4284            0               0               0               
